2017-03-12 17:35:42,974 [SwingWorker-pool-5-thread-1] INFO  DataModelerAddin - Oracle SQL Developer Data Modeler 4.0.1.836
2017-03-12 20:07:16,799 [AWT-EventQueue-0] ERROR SavedSearchPersistence - Unable to save searches: 
java.io.FileNotFoundException: /opt/sqldeveloper/sqldeveloper/extensions/oracle.datamodeler/types/saved_search.xml (Permission denied)
	at java.io.FileOutputStream.open0(Native Method)
	at java.io.FileOutputStream.open(FileOutputStream.java:270)
	at java.io.FileOutputStream.<init>(FileOutputStream.java:213)
	at java.io.FileOutputStream.<init>(FileOutputStream.java:162)
	at oracle.dbtools.crest.swingui.search.SavedSearchPersistence.saveData(SavedSearchPersistence.java:117)
	at oracle.dbtools.crest.swingui.search.SavedSearchPersistence.saveSearches(SavedSearchPersistence.java:107)
	at oracle.dbtools.crest.swingui.ApplicationView.closeApplication(ApplicationView.java:1238)
	at oracle.dbtools.crest.swingui.ApplicationView.exitApplication(ApplicationView.java:1916)
	at oracle.dbtools.crest.fcp.DataModelerAddin.canShutdown(DataModelerAddin.java:2656)
	at oracle.ide.cmd.ExitCommand.canShutdown(ExitCommand.java:252)
	at oracle.ide.cmd.ExitCommand.doit(ExitCommand.java:509)
	at oracle.ide.controller.CommandProcessor.invoke(CommandProcessor.java:377)
	at oracle.ide.IdeCore.quit(IdeCore.java:835)
	at oracle.ide.Ide.quit(Ide.java:650)
	at com.oracle.jdeveloper.nbwindowsystem.Installer.closing(Installer.java:90)
	at org.netbeans.core.startup.NbInstaller.closing(NbInstaller.java:702)
	at org.netbeans.ModuleManager.shutDownAsync(ModuleManager.java:1968)
	at org.netbeans.core.startup.ModuleSystem.shutDownAsync(ModuleSystem.java:349)
	at org.netbeans.core.NbLifeExit.doExit(NbLifeExit.java:134)
	at org.netbeans.core.NbLifeExit.run(NbLifeExit.java:94)
	at org.openide.util.Mutex.doEvent(Mutex.java:1343)
	at org.openide.util.Mutex.readAccess(Mutex.java:350)
	at org.netbeans.core.NbLifecycleManager.exit(NbLifecycleManager.java:210)
	at org.netbeans.core.NbLifecycleManager.exit(NbLifecycleManager.java:119)
	at org.netbeans.core.windows.view.ui.MainWindow$6.windowClosing(MainWindow.java:479)
	at java.awt.AWTEventMulticaster.windowClosing(AWTEventMulticaster.java:349)
	at java.awt.AWTEventMulticaster.windowClosing(AWTEventMulticaster.java:349)
	at java.awt.AWTEventMulticaster.windowClosing(AWTEventMulticaster.java:349)
	at java.awt.Window.processWindowEvent(Window.java:2054)
	at javax.swing.JFrame.processWindowEvent(JFrame.java:305)
	at java.awt.Window.processEvent(Window.java:2013)
	at java.awt.Component.dispatchEventImpl(Component.java:4889)
	at java.awt.Container.dispatchEventImpl(Container.java:2294)
	at java.awt.Window.dispatchEventImpl(Window.java:2746)
	at java.awt.Component.dispatchEvent(Component.java:4711)
	at java.awt.EventQueue.dispatchEventImpl(EventQueue.java:758)
	at java.awt.EventQueue.access$500(EventQueue.java:97)
	at java.awt.EventQueue$3.run(EventQueue.java:709)
	at java.awt.EventQueue$3.run(EventQueue.java:703)
	at java.security.AccessController.doPrivileged(Native Method)
	at java.security.ProtectionDomain$JavaSecurityAccessImpl.doIntersectionPrivilege(ProtectionDomain.java:80)
	at java.security.ProtectionDomain$JavaSecurityAccessImpl.doIntersectionPrivilege(ProtectionDomain.java:90)
	at java.awt.EventQueue$4.run(EventQueue.java:731)
	at java.awt.EventQueue$4.run(EventQueue.java:729)
	at java.security.AccessController.doPrivileged(Native Method)
	at java.security.ProtectionDomain$JavaSecurityAccessImpl.doIntersectionPrivilege(ProtectionDomain.java:80)
	at java.awt.EventQueue.dispatchEvent(EventQueue.java:728)
	at oracle.javatools.internal.ui.EventQueueWrapper._dispatchEvent(EventQueueWrapper.java:169)
	at oracle.javatools.internal.ui.EventQueueWrapper.dispatchEvent(EventQueueWrapper.java:151)
	at java.awt.EventDispatchThread.pumpOneEventForFilters(EventDispatchThread.java:201)
	at java.awt.EventDispatchThread.pumpEventsForFilter(EventDispatchThread.java:116)
	at java.awt.EventDispatchThread.pumpEventsForHierarchy(EventDispatchThread.java:105)
	at java.awt.EventDispatchThread.pumpEvents(EventDispatchThread.java:101)
	at java.awt.EventDispatchThread.pumpEvents(EventDispatchThread.java:93)
	at java.awt.EventDispatchThread.run(EventDispatchThread.java:82)
2017-03-21 10:47:34,026 [main] INFO  DataModelerAddin - Oracle SQL Developer Data Modeler 4.0.1.836
2017-03-21 17:16:20,160 [AWT-EventQueue-0] ERROR SavedSearchPersistence - Unable to save searches: 
java.io.FileNotFoundException: /opt/sqldeveloper/sqldeveloper/extensions/oracle.datamodeler/types/saved_search.xml (Permission denied)
	at java.io.FileOutputStream.open0(Native Method)
	at java.io.FileOutputStream.open(FileOutputStream.java:270)
	at java.io.FileOutputStream.<init>(FileOutputStream.java:213)
	at java.io.FileOutputStream.<init>(FileOutputStream.java:162)
	at oracle.dbtools.crest.swingui.search.SavedSearchPersistence.saveData(SavedSearchPersistence.java:117)
	at oracle.dbtools.crest.swingui.search.SavedSearchPersistence.saveSearches(SavedSearchPersistence.java:107)
	at oracle.dbtools.crest.swingui.ApplicationView.closeApplication(ApplicationView.java:1238)
	at oracle.dbtools.crest.swingui.ApplicationView.exitApplication(ApplicationView.java:1916)
	at oracle.dbtools.crest.fcp.DataModelerAddin.canShutdown(DataModelerAddin.java:2656)
	at oracle.ide.cmd.ExitCommand.canShutdown(ExitCommand.java:252)
	at oracle.ide.cmd.ExitCommand.doit(ExitCommand.java:509)
	at oracle.ide.controller.CommandProcessor.invoke(CommandProcessor.java:377)
	at oracle.ide.IdeCore.quit(IdeCore.java:835)
	at oracle.ide.Ide.quit(Ide.java:650)
	at com.oracle.jdeveloper.nbwindowsystem.Installer.closing(Installer.java:90)
	at org.netbeans.core.startup.NbInstaller.closing(NbInstaller.java:702)
	at org.netbeans.ModuleManager.shutDownAsync(ModuleManager.java:1968)
	at org.netbeans.core.startup.ModuleSystem.shutDownAsync(ModuleSystem.java:349)
	at org.netbeans.core.NbLifeExit.doExit(NbLifeExit.java:134)
	at org.netbeans.core.NbLifeExit.run(NbLifeExit.java:94)
	at org.openide.util.Mutex.doEvent(Mutex.java:1343)
	at org.openide.util.Mutex.readAccess(Mutex.java:350)
	at org.netbeans.core.NbLifecycleManager.exit(NbLifecycleManager.java:210)
	at org.netbeans.core.NbLifecycleManager.exit(NbLifecycleManager.java:119)
	at org.netbeans.core.windows.view.ui.MainWindow$6.windowClosing(MainWindow.java:479)
	at java.awt.AWTEventMulticaster.windowClosing(AWTEventMulticaster.java:350)
	at java.awt.AWTEventMulticaster.windowClosing(AWTEventMulticaster.java:349)
	at java.awt.AWTEventMulticaster.windowClosing(AWTEventMulticaster.java:349)
	at java.awt.Window.processWindowEvent(Window.java:2054)
	at javax.swing.JFrame.processWindowEvent(JFrame.java:305)
	at java.awt.Window.processEvent(Window.java:2013)
	at java.awt.Component.dispatchEventImpl(Component.java:4889)
	at java.awt.Container.dispatchEventImpl(Container.java:2294)
	at java.awt.Window.dispatchEventImpl(Window.java:2746)
	at java.awt.Component.dispatchEvent(Component.java:4711)
	at java.awt.EventQueue.dispatchEventImpl(EventQueue.java:758)
	at java.awt.EventQueue.access$500(EventQueue.java:97)
	at java.awt.EventQueue$3.run(EventQueue.java:709)
	at java.awt.EventQueue$3.run(EventQueue.java:703)
	at java.security.AccessController.doPrivileged(Native Method)
	at java.security.ProtectionDomain$JavaSecurityAccessImpl.doIntersectionPrivilege(ProtectionDomain.java:80)
	at java.security.ProtectionDomain$JavaSecurityAccessImpl.doIntersectionPrivilege(ProtectionDomain.java:90)
	at java.awt.EventQueue$4.run(EventQueue.java:731)
	at java.awt.EventQueue$4.run(EventQueue.java:729)
	at java.security.AccessController.doPrivileged(Native Method)
	at java.security.ProtectionDomain$JavaSecurityAccessImpl.doIntersectionPrivilege(ProtectionDomain.java:80)
	at java.awt.EventQueue.dispatchEvent(EventQueue.java:728)
	at oracle.javatools.internal.ui.EventQueueWrapper._dispatchEvent(EventQueueWrapper.java:169)
	at oracle.javatools.internal.ui.EventQueueWrapper.dispatchEvent(EventQueueWrapper.java:151)
	at java.awt.EventDispatchThread.pumpOneEventForFilters(EventDispatchThread.java:201)
	at java.awt.EventDispatchThread.pumpEventsForFilter(EventDispatchThread.java:116)
	at java.awt.EventDispatchThread.pumpEventsForHierarchy(EventDispatchThread.java:105)
	at java.awt.EventDispatchThread.pumpEvents(EventDispatchThread.java:101)
	at java.awt.EventDispatchThread.pumpEvents(EventDispatchThread.java:93)
	at java.awt.EventDispatchThread.run(EventDispatchThread.java:82)
2017-04-05 17:14:03,193 [main] INFO  DataModelerAddin - Oracle SQL Developer Data Modeler 4.0.1.836
2017-04-08 21:22:20,041 [main] INFO  DataModelerAddin - Oracle SQL Developer Data Modeler 4.0.1.836
2017-04-08 21:30:21,076 [main] INFO  DataModelerAddin - Oracle SQL Developer Data Modeler 4.0.1.836
2017-04-08 23:05:01,282 [AWT-EventQueue-0] ERROR SavedSearchPersistence - Unable to save searches: 
java.io.FileNotFoundException: /opt/sqldeveloper/sqldeveloper/extensions/oracle.datamodeler/types/saved_search.xml (Permission denied)
	at java.io.FileOutputStream.open0(Native Method)
	at java.io.FileOutputStream.open(FileOutputStream.java:270)
	at java.io.FileOutputStream.<init>(FileOutputStream.java:213)
	at java.io.FileOutputStream.<init>(FileOutputStream.java:162)
	at oracle.dbtools.crest.swingui.search.SavedSearchPersistence.saveData(SavedSearchPersistence.java:117)
	at oracle.dbtools.crest.swingui.search.SavedSearchPersistence.saveSearches(SavedSearchPersistence.java:107)
	at oracle.dbtools.crest.swingui.ApplicationView.closeApplication(ApplicationView.java:1238)
	at oracle.dbtools.crest.swingui.ApplicationView.exitApplication(ApplicationView.java:1916)
	at oracle.dbtools.crest.fcp.DataModelerAddin.canShutdown(DataModelerAddin.java:2656)
	at oracle.ide.cmd.ExitCommand.canShutdown(ExitCommand.java:252)
	at oracle.ide.cmd.ExitCommand.doit(ExitCommand.java:509)
	at oracle.ide.controller.CommandProcessor.invoke(CommandProcessor.java:377)
	at oracle.ide.IdeCore.quit(IdeCore.java:835)
	at oracle.ide.Ide.quit(Ide.java:650)
	at com.oracle.jdeveloper.nbwindowsystem.Installer.closing(Installer.java:90)
	at org.netbeans.core.startup.NbInstaller.closing(NbInstaller.java:702)
	at org.netbeans.ModuleManager.shutDownAsync(ModuleManager.java:1968)
	at org.netbeans.core.startup.ModuleSystem.shutDownAsync(ModuleSystem.java:349)
	at org.netbeans.core.NbLifeExit.doExit(NbLifeExit.java:134)
	at org.netbeans.core.NbLifeExit.run(NbLifeExit.java:94)
	at org.openide.util.Mutex.doEvent(Mutex.java:1343)
	at org.openide.util.Mutex.readAccess(Mutex.java:350)
	at org.netbeans.core.NbLifecycleManager.exit(NbLifecycleManager.java:210)
	at org.netbeans.core.NbLifecycleManager.exit(NbLifecycleManager.java:119)
	at org.netbeans.core.windows.view.ui.MainWindow$6.windowClosing(MainWindow.java:479)
	at java.awt.AWTEventMulticaster.windowClosing(AWTEventMulticaster.java:350)
	at java.awt.AWTEventMulticaster.windowClosing(AWTEventMulticaster.java:349)
	at java.awt.Window.processWindowEvent(Window.java:2054)
	at javax.swing.JFrame.processWindowEvent(JFrame.java:305)
	at java.awt.Window.processEvent(Window.java:2013)
	at java.awt.Component.dispatchEventImpl(Component.java:4889)
	at java.awt.Container.dispatchEventImpl(Container.java:2294)
	at java.awt.Window.dispatchEventImpl(Window.java:2746)
	at java.awt.Component.dispatchEvent(Component.java:4711)
	at java.awt.EventQueue.dispatchEventImpl(EventQueue.java:758)
	at java.awt.EventQueue.access$500(EventQueue.java:97)
	at java.awt.EventQueue$3.run(EventQueue.java:709)
	at java.awt.EventQueue$3.run(EventQueue.java:703)
	at java.security.AccessController.doPrivileged(Native Method)
	at java.security.ProtectionDomain$JavaSecurityAccessImpl.doIntersectionPrivilege(ProtectionDomain.java:80)
	at java.security.ProtectionDomain$JavaSecurityAccessImpl.doIntersectionPrivilege(ProtectionDomain.java:90)
	at java.awt.EventQueue$4.run(EventQueue.java:731)
	at java.awt.EventQueue$4.run(EventQueue.java:729)
	at java.security.AccessController.doPrivileged(Native Method)
	at java.security.ProtectionDomain$JavaSecurityAccessImpl.doIntersectionPrivilege(ProtectionDomain.java:80)
	at java.awt.EventQueue.dispatchEvent(EventQueue.java:728)
	at oracle.javatools.internal.ui.EventQueueWrapper._dispatchEvent(EventQueueWrapper.java:169)
	at oracle.javatools.internal.ui.EventQueueWrapper.dispatchEvent(EventQueueWrapper.java:151)
	at java.awt.EventDispatchThread.pumpOneEventForFilters(EventDispatchThread.java:201)
	at java.awt.EventDispatchThread.pumpEventsForFilter(EventDispatchThread.java:116)
	at java.awt.EventDispatchThread.pumpEventsForHierarchy(EventDispatchThread.java:105)
	at java.awt.EventDispatchThread.pumpEvents(EventDispatchThread.java:101)
	at java.awt.EventDispatchThread.pumpEvents(EventDispatchThread.java:93)
	at java.awt.EventDispatchThread.run(EventDispatchThread.java:82)
2017-04-09 12:52:02,812 [main] INFO  DataModelerAddin - Oracle SQL Developer Data Modeler 4.0.1.836
2017-04-09 12:58:02,417 [AWT-EventQueue-0] ERROR SavedSearchPersistence - Unable to save searches: 
java.io.FileNotFoundException: /opt/sqldeveloper/sqldeveloper/extensions/oracle.datamodeler/types/saved_search.xml (Permission denied)
	at java.io.FileOutputStream.open0(Native Method)
	at java.io.FileOutputStream.open(FileOutputStream.java:270)
	at java.io.FileOutputStream.<init>(FileOutputStream.java:213)
	at java.io.FileOutputStream.<init>(FileOutputStream.java:162)
	at oracle.dbtools.crest.swingui.search.SavedSearchPersistence.saveData(SavedSearchPersistence.java:117)
	at oracle.dbtools.crest.swingui.search.SavedSearchPersistence.saveSearches(SavedSearchPersistence.java:107)
	at oracle.dbtools.crest.swingui.ApplicationView.closeApplication(ApplicationView.java:1238)
	at oracle.dbtools.crest.swingui.ApplicationView.exitApplication(ApplicationView.java:1916)
	at oracle.dbtools.crest.fcp.DataModelerAddin.canShutdown(DataModelerAddin.java:2656)
	at oracle.ide.cmd.ExitCommand.canShutdown(ExitCommand.java:252)
	at oracle.ide.cmd.ExitCommand.doit(ExitCommand.java:509)
	at oracle.ide.controller.CommandProcessor.invoke(CommandProcessor.java:377)
	at oracle.ide.IdeCore.quit(IdeCore.java:835)
	at oracle.ide.Ide.quit(Ide.java:650)
	at com.oracle.jdeveloper.nbwindowsystem.Installer.closing(Installer.java:90)
	at org.netbeans.core.startup.NbInstaller.closing(NbInstaller.java:702)
	at org.netbeans.ModuleManager.shutDownAsync(ModuleManager.java:1968)
	at org.netbeans.core.startup.ModuleSystem.shutDownAsync(ModuleSystem.java:349)
	at org.netbeans.core.NbLifeExit.doExit(NbLifeExit.java:134)
	at org.netbeans.core.NbLifeExit.run(NbLifeExit.java:94)
	at org.openide.util.Mutex.doEvent(Mutex.java:1343)
	at org.openide.util.Mutex.readAccess(Mutex.java:350)
	at org.netbeans.core.NbLifecycleManager.exit(NbLifecycleManager.java:210)
	at org.netbeans.core.NbLifecycleManager.exit(NbLifecycleManager.java:119)
	at org.netbeans.core.windows.view.ui.MainWindow$6.windowClosing(MainWindow.java:479)
	at java.awt.AWTEventMulticaster.windowClosing(AWTEventMulticaster.java:350)
	at java.awt.AWTEventMulticaster.windowClosing(AWTEventMulticaster.java:349)
	at java.awt.Window.processWindowEvent(Window.java:2054)
	at javax.swing.JFrame.processWindowEvent(JFrame.java:305)
	at java.awt.Window.processEvent(Window.java:2013)
	at java.awt.Component.dispatchEventImpl(Component.java:4889)
	at java.awt.Container.dispatchEventImpl(Container.java:2294)
	at java.awt.Window.dispatchEventImpl(Window.java:2746)
	at java.awt.Component.dispatchEvent(Component.java:4711)
	at java.awt.EventQueue.dispatchEventImpl(EventQueue.java:758)
	at java.awt.EventQueue.access$500(EventQueue.java:97)
	at java.awt.EventQueue$3.run(EventQueue.java:709)
	at java.awt.EventQueue$3.run(EventQueue.java:703)
	at java.security.AccessController.doPrivileged(Native Method)
	at java.security.ProtectionDomain$JavaSecurityAccessImpl.doIntersectionPrivilege(ProtectionDomain.java:80)
	at java.security.ProtectionDomain$JavaSecurityAccessImpl.doIntersectionPrivilege(ProtectionDomain.java:90)
	at java.awt.EventQueue$4.run(EventQueue.java:731)
	at java.awt.EventQueue$4.run(EventQueue.java:729)
	at java.security.AccessController.doPrivileged(Native Method)
	at java.security.ProtectionDomain$JavaSecurityAccessImpl.doIntersectionPrivilege(ProtectionDomain.java:80)
	at java.awt.EventQueue.dispatchEvent(EventQueue.java:728)
	at oracle.javatools.internal.ui.EventQueueWrapper._dispatchEvent(EventQueueWrapper.java:169)
	at oracle.javatools.internal.ui.EventQueueWrapper.dispatchEvent(EventQueueWrapper.java:151)
	at java.awt.EventDispatchThread.pumpOneEventForFilters(EventDispatchThread.java:201)
	at java.awt.EventDispatchThread.pumpEventsForFilter(EventDispatchThread.java:116)
	at java.awt.EventDispatchThread.pumpEventsForHierarchy(EventDispatchThread.java:105)
	at java.awt.EventDispatchThread.pumpEvents(EventDispatchThread.java:101)
	at java.awt.EventDispatchThread.pumpEvents(EventDispatchThread.java:93)
	at java.awt.EventDispatchThread.run(EventDispatchThread.java:82)
2017-04-10 21:03:40,764 [main] INFO  DataModelerAddin - Oracle SQL Developer Data Modeler 4.0.1.836
2017-04-10 21:33:05,376 [AWT-EventQueue-0] ERROR SavedSearchPersistence - Unable to save searches: 
java.io.FileNotFoundException: /opt/sqldeveloper/sqldeveloper/extensions/oracle.datamodeler/types/saved_search.xml (Permission denied)
	at java.io.FileOutputStream.open0(Native Method)
	at java.io.FileOutputStream.open(FileOutputStream.java:270)
	at java.io.FileOutputStream.<init>(FileOutputStream.java:213)
	at java.io.FileOutputStream.<init>(FileOutputStream.java:162)
	at oracle.dbtools.crest.swingui.search.SavedSearchPersistence.saveData(SavedSearchPersistence.java:117)
	at oracle.dbtools.crest.swingui.search.SavedSearchPersistence.saveSearches(SavedSearchPersistence.java:107)
	at oracle.dbtools.crest.swingui.ApplicationView.closeApplication(ApplicationView.java:1238)
	at oracle.dbtools.crest.swingui.ApplicationView.exitApplication(ApplicationView.java:1916)
	at oracle.dbtools.crest.fcp.DataModelerAddin.canShutdown(DataModelerAddin.java:2656)
	at oracle.ide.cmd.ExitCommand.canShutdown(ExitCommand.java:252)
	at oracle.ide.cmd.ExitCommand.doit(ExitCommand.java:509)
	at oracle.ide.controller.CommandProcessor.invoke(CommandProcessor.java:377)
	at oracle.ide.IdeCore.quit(IdeCore.java:835)
	at oracle.ide.Ide.quit(Ide.java:650)
	at com.oracle.jdeveloper.nbwindowsystem.Installer.closing(Installer.java:90)
	at org.netbeans.core.startup.NbInstaller.closing(NbInstaller.java:702)
	at org.netbeans.ModuleManager.shutDownAsync(ModuleManager.java:1968)
	at org.netbeans.core.startup.ModuleSystem.shutDownAsync(ModuleSystem.java:349)
	at org.netbeans.core.NbLifeExit.doExit(NbLifeExit.java:134)
	at org.netbeans.core.NbLifeExit.run(NbLifeExit.java:94)
	at org.openide.util.Mutex.doEvent(Mutex.java:1343)
	at org.openide.util.Mutex.readAccess(Mutex.java:350)
	at org.netbeans.core.NbLifecycleManager.exit(NbLifecycleManager.java:210)
	at org.netbeans.core.NbLifecycleManager.exit(NbLifecycleManager.java:119)
	at org.netbeans.core.windows.view.ui.MainWindow$6.windowClosing(MainWindow.java:479)
	at java.awt.AWTEventMulticaster.windowClosing(AWTEventMulticaster.java:350)
	at java.awt.AWTEventMulticaster.windowClosing(AWTEventMulticaster.java:349)
	at java.awt.Window.processWindowEvent(Window.java:2054)
	at javax.swing.JFrame.processWindowEvent(JFrame.java:305)
	at java.awt.Window.processEvent(Window.java:2013)
	at java.awt.Component.dispatchEventImpl(Component.java:4889)
	at java.awt.Container.dispatchEventImpl(Container.java:2294)
	at java.awt.Window.dispatchEventImpl(Window.java:2746)
	at java.awt.Component.dispatchEvent(Component.java:4711)
	at java.awt.EventQueue.dispatchEventImpl(EventQueue.java:758)
	at java.awt.EventQueue.access$500(EventQueue.java:97)
	at java.awt.EventQueue$3.run(EventQueue.java:709)
	at java.awt.EventQueue$3.run(EventQueue.java:703)
	at java.security.AccessController.doPrivileged(Native Method)
	at java.security.ProtectionDomain$JavaSecurityAccessImpl.doIntersectionPrivilege(ProtectionDomain.java:80)
	at java.security.ProtectionDomain$JavaSecurityAccessImpl.doIntersectionPrivilege(ProtectionDomain.java:90)
	at java.awt.EventQueue$4.run(EventQueue.java:731)
	at java.awt.EventQueue$4.run(EventQueue.java:729)
	at java.security.AccessController.doPrivileged(Native Method)
	at java.security.ProtectionDomain$JavaSecurityAccessImpl.doIntersectionPrivilege(ProtectionDomain.java:80)
	at java.awt.EventQueue.dispatchEvent(EventQueue.java:728)
	at oracle.javatools.internal.ui.EventQueueWrapper._dispatchEvent(EventQueueWrapper.java:169)
	at oracle.javatools.internal.ui.EventQueueWrapper.dispatchEvent(EventQueueWrapper.java:151)
	at java.awt.EventDispatchThread.pumpOneEventForFilters(EventDispatchThread.java:201)
	at java.awt.EventDispatchThread.pumpEventsForFilter(EventDispatchThread.java:116)
	at java.awt.EventDispatchThread.pumpEventsForHierarchy(EventDispatchThread.java:105)
	at java.awt.EventDispatchThread.pumpEvents(EventDispatchThread.java:101)
	at java.awt.EventDispatchThread.pumpEvents(EventDispatchThread.java:93)
	at java.awt.EventDispatchThread.run(EventDispatchThread.java:82)
